Process 2 out of 4
[2]: Local devices: [CudaDevice(id=2)]
Initializing state...
State initialized.
Starting simulation...
Simulation completed in 4.107 seconds.
Computing total energy...
Final total energy: 350610750.0
Saving plot to naive_plot.png...
Plot saved.
Done sharding:
global_pos.shape: (20000, 2)
global_vel.shape: (20000, 2)
global_mass.shape: (20000,)
Starting simulation...
Simulation completed in 2.048 seconds.
Computing total energy...
Final total energy: 350610750.0
Process 1 out of 4
[1]: Local devices: [CudaDevice(id=1)]
Initializing state...
State initialized.
Starting simulation...
Simulation completed in 4.092 seconds.
Computing total energy...
Final total energy: 350610750.0
Saving plot to naive_plot.png...
Plot saved.
Done sharding:
global_pos.shape: (20000, 2)
global_vel.shape: (20000, 2)
global_mass.shape: (20000,)
Starting simulation...
Simulation completed in 2.119 seconds.
Computing total energy...
Final total energy: 350610750.0
Process 3 out of 4
[3]: Local devices: [CudaDevice(id=3)]
Initializing state...
State initialized.
Starting simulation...
Simulation completed in 4.088 seconds.
Computing total energy...
Final total energy: 350610750.0
Saving plot to naive_plot.png...
Plot saved.
Done sharding:
global_pos.shape: (20000, 2)
global_vel.shape: (20000, 2)
global_mass.shape: (20000,)
Starting simulation...
Simulation completed in 2.060 seconds.
Computing total energy...
Final total energy: 350610750.0
